使用方式: make docker-deploy SERVICE=微服务名
SERVICE=admin
make docker-build SERVICE=admin
构建的微服务: admin
系统: linux | CPU架构: amd64
镜像名: sumery/admin:b9ce9e3
docker build . \
	  -f application/admin/Dockerfile \
	  --progress=plain \
	  -t ecommerce/admin:b9ce9e3 \
	  --build-arg SERVICE=admin \
	  --build-arg CGOENABLED=0 \
	  --build-arg GOIMAGE=golang:1.24.2-alpine3.21 \
	  --build-arg GOOS=linux \
	  --build-arg GOARCH=amd64 \
	  --build-arg VERSION=b9ce9e3 \
	  --platform linux/amd64  \
	  --cache-from type=registry,ref=ccr.ccs.tencentyun.com/sumery/admin:cache \
	  --cache-to type=registry,ref=ccr.ccs.tencentyun.com/sumery/admin:cache,mode=max
#0 building with "desktop-linux" instance using docker driver

#1 [internal] load build definition from Dockerfile
#1 transferring dockerfile: 2.33kB done
#1 DONE 0.0s

#2 [internal] load metadata for docker.io/library/golang:1.24.0-alpine3.21
#2 DONE 0.0s

#3 [internal] load metadata for gcr.io/distroless/static-debian12:latest
#3 DONE 0.4s

#4 [internal] load .dockerignore
#4 DONE 0.0s

#5 [compile 1/6] FROM docker.io/library/golang:1.24.0-alpine3.21@sha256:2d40d4fc278dad38be0777d5e2a88a2c6dee51b0b29c97a764fc6c6a11ca893c
#5 resolve docker.io/library/golang:1.24.0-alpine3.21@sha256:2d40d4fc278dad38be0777d5e2a88a2c6dee51b0b29c97a764fc6c6a11ca893c done
#5 DONE 0.0s

#6 [final 1/2] FROM gcr.io/distroless/static-debian12:latest@sha256:3d0f463de06b7ddff27684ec3bfd0b54a425149d0f8685308b1fdf297b0265e9
#6 resolve gcr.io/distroless/static-debian12:latest@sha256:3d0f463de06b7ddff27684ec3bfd0b54a425149d0f8685308b1fdf297b0265e9 done
#6 DONE 0.0s

#4 [internal] load .dockerignore
#4 transferring context: 2B done
#4 DONE 0.0s

#7 [internal] load build context
#7 DONE 0.0s

#8 importing cache manifest from ccr.ccs.tencentyun.com/sumery/admin:cache
#8 inferred cache manifest type: application/vnd.oci.image.index.v1+json done
#8 DONE 0.6s

#7 [internal] load build context
#7 transferring context: 161.58kB 0.1s done
#7 DONE 0.1s

#9 [compile 2/6] WORKDIR /build
#9 CACHED

#10 [compile 3/6] COPY go.mod go.sum ./
#10 CACHED

#11 [compile 4/6] RUN --mount=type=cache,target=/go/pkg/mod     --mount=type=cache,target=/root/.cache/go-build     go mod download -x
#11 CACHED

#12 [compile 5/6] COPY . .
#12 DONE 0.1s

#13 [compile 6/6] RUN --mount=type=cache,target=/go/pkg/mod     --mount=type=cache,target=/root/.cache/go-build     GOOS=linux GOARCH=amd64 CGO_ENABLED=0     go build -ldflags="-s -w -X main.Version=b9ce9e3" -o /app/admin ./application/admin/cmd/admin
#13 DONE 0.7s

#14 [final 2/2] COPY --from=compile /app/admin /app/service
#14 CACHED

#15 exporting to image
#15 exporting layers done
#15 exporting manifest sha256:6e0844db79821ee363058bd7411b1201fb1e654436b7bcdefe71cd3fc1ed11b0 done
#15 exporting config sha256:2562c557d35fe095dde9666f2a224b2a2e2c0965f6e30b94d022e8b0eed7a5cf done
#15 exporting attestation manifest sha256:8fc8c3dc1c44bb58e866cfdae7dee79535c3ed08f642c5c9c6f07db27fb21c8a done
#15 exporting manifest list sha256:fdcfa71e59462534349a8ac2395105e2f2ebb2251e7e0987b8420d384c7e0737 done
#15 naming to docker.io/ecommerce/admin:b9ce9e3 done
#15 DONE 0.0s

#16 exporting cache to registry
#16 preparing build cache for export
#16 writing layer sha256:0bab15eea81d0fe6ab56ebf5fba14e02c4c1775a7f7436fbddd3505add4e18fa
#16 ...

#17 [auth] sumery/admin:pull,push token for ccr.ccs.tencentyun.com
#17 DONE 0.0s

#16 exporting cache to registry
#16 writing layer sha256:0bab15eea81d0fe6ab56ebf5fba14e02c4c1775a7f7436fbddd3505add4e18fa 0.4s done
#16 writing layer sha256:14aa1d43e92f86dc074668d0ee29a76fd40e91e4c4142a8f0580170417c1a1e6
#16 writing layer sha256:14aa1d43e92f86dc074668d0ee29a76fd40e91e4c4142a8f0580170417c1a1e6 0.0s done
#16 writing layer sha256:3214acf345c0cc6bbdb56b698a41ccdefc624a09d6beb0d38b5de0b2303ecaf4 0.0s done
#16 writing layer sha256:3d78e577de35c8bf231e34862a13cde36cd7b253b6a7af2158035251d2dc48c0 0.0s done
#16 writing layer sha256:4aa0ea1413d37a58615488592a0b827ea4b2e48fa5a77cf707d0e35f025e613f 0.0s done
#16 writing layer sha256:4d476c939a0568149dd1f92e1efdc4f4c562a475772453124720a8e1fcb9f660
#16 writing layer sha256:4d476c939a0568149dd1f92e1efdc4f4c562a475772453124720a8e1fcb9f660 0.0s done
#16 writing layer sha256:4eff9a62d888790350b2481ff4a4f38f9c94b3674d26b2f2c85ca39cdef43fd9 0.0s done
#16 writing layer sha256:4f4fb700ef54461cfa02571ae0db9a0dc1e0cdb5577484a6d75e68dc38e8acc1 0.0s done
#16 writing layer sha256:548d7ee64d1f92a48d22b95b49e35541b138de25a4a7721b598b614c2913efe2 0.0s done
#16 writing layer sha256:5664b15f108bf9436ce3312090a767300800edbbfd4511aa1a6d64357024d5dd
#16 writing layer sha256:5664b15f108bf9436ce3312090a767300800edbbfd4511aa1a6d64357024d5dd 0.0s done
#16 writing layer sha256:5a9bfd754db4a76c934bd2060ee9f9bdbf051b5a61f105edbb3a8cfd103854c8 0.0s done
#16 writing layer sha256:5aab3cc3459018dcbf373ec8358fd7300e727724c3d3fcb81d3ccc11586293fd
#16 writing layer sha256:5aab3cc3459018dcbf373ec8358fd7300e727724c3d3fcb81d3ccc11586293fd 2.4s done
#16 writing layer sha256:6ba13e4ba52312976cd73671fd09b9b010ee1b8186ccabe52446784bf1952836
#16 writing layer sha256:6ba13e4ba52312976cd73671fd09b9b010ee1b8186ccabe52446784bf1952836 0.1s done
#16 writing layer sha256:6e771e15690e2fabf2332d3a3b744495411d6e0b00b2aea64419b58b0066cf81
#16 writing layer sha256:6e771e15690e2fabf2332d3a3b744495411d6e0b00b2aea64419b58b0066cf81 0.1s done
#16 writing layer sha256:7c12895b777bcaa8ccae0605b4de635b68fc32d60fa08f421dc3818bf55ee212
#16 writing layer sha256:7c12895b777bcaa8ccae0605b4de635b68fc32d60fa08f421dc3818bf55ee212 0.2s done
#16 writing layer sha256:9aee425378d2c16cd44177dc54a274b312897f5860a8e78fdfda555a0d79dd71
#16 writing layer sha256:9aee425378d2c16cd44177dc54a274b312897f5860a8e78fdfda555a0d79dd71 0.2s done
#16 writing layer sha256:a62778643d563b511190663ef9a77c30d46d282facfdce4f3a7aecc03423c1f3
#16 writing layer sha256:a62778643d563b511190663ef9a77c30d46d282facfdce4f3a7aecc03423c1f3 0.1s done
#16 writing layer sha256:aac8c9de69f9bb22b652156505be44b05a1d5b867dde909694ee4578cd53e133
#16 writing layer sha256:aac8c9de69f9bb22b652156505be44b05a1d5b867dde909694ee4578cd53e133 1.3s done
#16 writing layer sha256:beea2638a50dced5dc00b568d5f68deb6d8f48bda9cb28e949aa7581c39475a6
#16 writing layer sha256:beea2638a50dced5dc00b568d5f68deb6d8f48bda9cb28e949aa7581c39475a6 0.3s done
#16 writing layer sha256:bfb59b82a9b65e47d485e53b3e815bca3b3e21a095bd0cb88ced9ac0b48062bf
#16 writing layer sha256:bfb59b82a9b65e47d485e53b3e815bca3b3e21a095bd0cb88ced9ac0b48062bf 0.1s done
#16 writing layer sha256:da7816fa955ea24533c388143c78804c28682eef99b4ee3723b548c70148bba6
#16 writing layer sha256:da7816fa955ea24533c388143c78804c28682eef99b4ee3723b548c70148bba6 0.0s done
#16 writing layer sha256:e18364ce0d2587c74fc30d8602f743c52178d9e6408c64d9091baffbff467af7 0.1s done
#16 writing config sha256:d103f3990db1e9b9375ff06e49a13445e22cb5705ae84cef5472ef96e1789c64
#16 writing config sha256:d103f3990db1e9b9375ff06e49a13445e22cb5705ae84cef5472ef96e1789c64 0.9s done
#16 writing cache manifest sha256:e0407614e47c964b0ad0e73f2139d9d378dde66913b281da9c5aa39437e70057
#16 preparing build cache for export 10.0s done
#16 writing cache manifest sha256:e0407614e47c964b0ad0e73f2139d9d378dde66913b281da9c5aa39437e70057 2.3s done
#16 DONE 10.0s

View build details: docker-desktop://dashboard/build/desktop-linux/desktop-linux/0nhulh6bi7k17tf00lcrkwva6
SERVICE=admin
make docker-push SERVICE=admin
使用方式: make docker-push SERVICE=微服务名
OS: linux | ARCH: amd64
Docker image: sumery/admin:b9ce9e3
docker tag ecommerce/admin:b9ce9e3 ccr.ccs.tencentyun.com/sumery/admin:b9ce9e3
docker push ccr.ccs.tencentyun.com/sumery/admin:b9ce9e3
The push refers to repository [ccr.ccs.tencentyun.com/sumery/admin]
3d78e577de35: Waiting
4eff9a62d888: Waiting
a62778643d56: Waiting
7c12895b777b: Waiting
5664b15f108b: Waiting
0bab15eea81d: Waiting
4aa0ea1413d3: Waiting
beea2638a50d: Waiting
9aee425378d2: Waiting
bfb59b82a9b6: Waiting
3214acf345c0: Waiting
da7816fa955e: Waiting
1745c54f4772: Waiting
da7816fa955e: Waiting
1745c54f4772: Waiting
bfb59b82a9b6: Waiting
3214acf345c0: Waiting
a62778643d56: Waiting
7c12895b777b: Waiting
5664b15f108b: Waiting
0bab15eea81d: Waiting
4aa0ea1413d3: Waiting
beea2638a50d: Waiting
3d78e577de35: Waiting
4eff9a62d888: Waiting
9aee425378d2: Waiting
1745c54f4772: Waiting
bfb59b82a9b6: Waiting
3214acf345c0: Waiting
da7816fa955e: Waiting
0bab15eea81d: Waiting
4aa0ea1413d3: Waiting
beea2638a50d: Waiting
3d78e577de35: Waiting
4eff9a62d888: Waiting
a62778643d56: Waiting
7c12895b777b: Waiting
5664b15f108b: Waiting
9aee425378d2: Waiting
5664b15f108b: Waiting
0bab15eea81d: Waiting
4aa0ea1413d3: Waiting
beea2638a50d: Waiting
3d78e577de35: Waiting
4eff9a62d888: Waiting
a62778643d56: Waiting
7c12895b777b: Waiting
9aee425378d2: Waiting
1745c54f4772: Waiting
bfb59b82a9b6: Waiting
3214acf345c0: Waiting
da7816fa955e: Layer already exists
beea2638a50d: Layer already exists
3d78e577de35: Layer already exists
4eff9a62d888: Layer already exists
a62778643d56: Layer already exists
7c12895b777b: Layer already exists
5664b15f108b: Layer already exists
0bab15eea81d: Layer already exists
4aa0ea1413d3: Layer already exists
9aee425378d2: Layer already exists
1745c54f4772: Waiting
bfb59b82a9b6: Layer already exists
3214acf345c0: Layer already exists
1745c54f4772: Pushed
b9ce9e3: digest: sha256:fdcfa71e59462534349a8ac2395105e2f2ebb2251e7e0987b8420d384c7e0737 size: 856
