使用方式: make docker-deploy SERVICE=微服务名
SERVICE=auth
make docker-build SERVICE=auth
构建的微服务: auth
系统: linux | CPU架构: amd64
镜像名: sumery/auth:f4cbec5
docker build . \
	  -f application/auth/Dockerfile \
	  --progress=plain \
	  -t ecommerce/auth:f4cbec5 \
	  --build-arg SERVICE=auth \
	  --build-arg CGOENABLED=0 \
	  --build-arg GOIMAGE=golang:1.24.2-alpine3.21 \
	  --build-arg GOOS=linux \
	  --build-arg GOARCH=amd64 \
	  --build-arg VERSION=f4cbec5 \
	  --platform linux/amd64  \
	  --cache-from type=registry,ref=ccr.ccs.tencentyun.com/sumery/auth:cache \
	  --cache-to type=registry,ref=ccr.ccs.tencentyun.com/sumery/auth:cache,mode=max
#0 building with "desktop-linux" instance using docker driver

#1 [internal] load build definition from Dockerfile
#1 transferring dockerfile: 932B done
#1 DONE 0.0s

#2 [internal] load metadata for docker.io/library/golang:1.24.0-alpine3.21
#2 ...

#3 [internal] load metadata for gcr.io/distroless/static-debian12:latest
#3 DONE 1.4s

#2 [internal] load metadata for docker.io/library/golang:1.24.0-alpine3.21
#2 DONE 10.0s

#4 [internal] load .dockerignore
#4 transferring context: 2B done
#4 DONE 0.0s

#5 [final 1/2] FROM gcr.io/distroless/static-debian12:latest@sha256:3d0f463de06b7ddff27684ec3bfd0b54a425149d0f8685308b1fdf297b0265e9
#5 resolve gcr.io/distroless/static-debian12:latest@sha256:3d0f463de06b7ddff27684ec3bfd0b54a425149d0f8685308b1fdf297b0265e9 0.0s done
#5 DONE 0.0s

#6 importing cache manifest from ccr.ccs.tencentyun.com/sumery/auth:cache
#6 ...

#7 [compile 1/6] FROM docker.io/library/golang:1.24.0-alpine3.21@sha256:2d40d4fc278dad38be0777d5e2a88a2c6dee51b0b29c97a764fc6c6a11ca893c
#7 resolve docker.io/library/golang:1.24.0-alpine3.21@sha256:2d40d4fc278dad38be0777d5e2a88a2c6dee51b0b29c97a764fc6c6a11ca893c 0.9s done
#7 DONE 0.9s

#8 [auth] sumery/auth:pull token for ccr.ccs.tencentyun.com
#8 DONE 0.0s

#6 importing cache manifest from ccr.ccs.tencentyun.com/sumery/auth:cache
#6 inferred cache manifest type: application/vnd.oci.image.index.v1+json done
#6 DONE 0.8s

#9 [internal] load build context
#9 transferring context: 1.23MB 0.1s done
#9 DONE 0.2s

#10 [compile 2/6] WORKDIR /build
#10 CACHED

#11 [compile 3/6] COPY go.mod go.sum ./
#11 CACHED

#12 [compile 3/6] COPY go.mod go.sum ./
#12 CACHED

#13 [compile 4/6] RUN --mount=type=cache,target=/go/pkg/mod     --mount=type=cache,target=/root/.cache/go-build     go mod download -x
#13 DONE 0.4s

#14 [compile 5/6] COPY . .
#14 DONE 0.1s

#15 [compile 6/6] RUN --mount=type=cache,target=/go/pkg/mod     --mount=type=cache,target=/root/.cache/go-build     GOOS=linux GOARCH=amd64 CGO_ENABLED=0     go build -ldflags="-s -w -X main.Version=f4cbec5" -o /app/auth ./application/auth/cmd/auth
#15 DONE 6.1s

#5 [final 1/2] FROM gcr.io/distroless/static-debian12:latest@sha256:3d0f463de06b7ddff27684ec3bfd0b54a425149d0f8685308b1fdf297b0265e9
#5 CACHED

#16 [final 2/2] COPY --from=compile /app/auth /app/service
#16 DONE 0.2s

#17 exporting to image
#17 exporting layers
#17 exporting layers 0.8s done
#17 exporting manifest sha256:6f5a3ec469d9afb5e316a449670212361666be81161605f5790670e13e307bee
#17 exporting manifest sha256:6f5a3ec469d9afb5e316a449670212361666be81161605f5790670e13e307bee done
#17 exporting config sha256:95d97e363c961fa7c4611de542a523563d0747c6d32ea4d7d507cd0b1b379592 done
#17 exporting attestation manifest sha256:7055bcaf690804dcd9050c92c28dc2a359f9a6ee3f6279db88e5cafbd26ac1e4 0.0s done
#17 exporting manifest list sha256:bafaa5d5c6401182e25e0d10f8a564295110dd995a86947d695e6218433a7cf6 done
#17 naming to docker.io/ecommerce/auth:f4cbec5 done
#17 DONE 0.8s

#18 exporting cache to registry
#18 preparing build cache for export
#18 writing layer sha256:0bab15eea81d0fe6ab56ebf5fba14e02c4c1775a7f7436fbddd3505add4e18fa
#18 ...

#19 [auth] sumery/auth:pull,push token for ccr.ccs.tencentyun.com
#19 DONE 0.0s

#18 exporting cache to registry
#18 writing layer sha256:0bab15eea81d0fe6ab56ebf5fba14e02c4c1775a7f7436fbddd3505add4e18fa 0.2s done
#18 writing layer sha256:14aa1d43e92f86dc074668d0ee29a76fd40e91e4c4142a8f0580170417c1a1e6
#18 writing layer sha256:14aa1d43e92f86dc074668d0ee29a76fd40e91e4c4142a8f0580170417c1a1e6 0.0s done
#18 writing layer sha256:3214acf345c0cc6bbdb56b698a41ccdefc624a09d6beb0d38b5de0b2303ecaf4 0.0s done
#18 writing layer sha256:3d78e577de35c8bf231e34862a13cde36cd7b253b6a7af2158035251d2dc48c0 0.0s done
#18 writing layer sha256:4490fc34d39f5e02555c54ad80975fa838c22ab6051aef0bbb2b4074b5295cdc
#18 writing layer sha256:4490fc34d39f5e02555c54ad80975fa838c22ab6051aef0bbb2b4074b5295cdc 1.2s done
#18 writing layer sha256:4aa0ea1413d37a58615488592a0b827ea4b2e48fa5a77cf707d0e35f025e613f
#18 writing layer sha256:4aa0ea1413d37a58615488592a0b827ea4b2e48fa5a77cf707d0e35f025e613f 0.0s done
#18 writing layer sha256:4d476c939a0568149dd1f92e1efdc4f4c562a475772453124720a8e1fcb9f660 0.0s done
#18 writing layer sha256:4eff9a62d888790350b2481ff4a4f38f9c94b3674d26b2f2c85ca39cdef43fd9 0.0s done
#18 writing layer sha256:4f4fb700ef54461cfa02571ae0db9a0dc1e0cdb5577484a6d75e68dc38e8acc1 0.0s done
#18 writing layer sha256:548d7ee64d1f92a48d22b95b49e35541b138de25a4a7721b598b614c2913efe2
#18 writing layer sha256:548d7ee64d1f92a48d22b95b49e35541b138de25a4a7721b598b614c2913efe2 0.0s done
#18 writing layer sha256:5664b15f108bf9436ce3312090a767300800edbbfd4511aa1a6d64357024d5dd 0.0s done
#18 writing layer sha256:6ba13e4ba52312976cd73671fd09b9b010ee1b8186ccabe52446784bf1952836 0.0s done
#18 writing layer sha256:6e771e15690e2fabf2332d3a3b744495411d6e0b00b2aea64419b58b0066cf81 0.0s done
#18 writing layer sha256:7c12895b777bcaa8ccae0605b4de635b68fc32d60fa08f421dc3818bf55ee212
#18 writing layer sha256:7c12895b777bcaa8ccae0605b4de635b68fc32d60fa08f421dc3818bf55ee212 0.0s done
#18 writing layer sha256:9aee425378d2c16cd44177dc54a274b312897f5860a8e78fdfda555a0d79dd71 0.0s done
#18 writing layer sha256:a62778643d563b511190663ef9a77c30d46d282facfdce4f3a7aecc03423c1f3 0.1s done
#18 writing layer sha256:a878f8f102d9591affcb7e70c12f249c7852889b77cc62cf472c29e1a697da31
#18 writing layer sha256:a878f8f102d9591affcb7e70c12f249c7852889b77cc62cf472c29e1a697da31 1.5s done
#18 writing layer sha256:bd014d79f5289a8ff247830055b8e83478d7a02d8df031e14d7d38e5a68a6286
#18 writing layer sha256:bd014d79f5289a8ff247830055b8e83478d7a02d8df031e14d7d38e5a68a6286 2.9s done
#18 writing layer sha256:bfb59b82a9b65e47d485e53b3e815bca3b3e21a095bd0cb88ced9ac0b48062bf
#18 writing layer sha256:bfb59b82a9b65e47d485e53b3e815bca3b3e21a095bd0cb88ced9ac0b48062bf 0.1s done
#18 writing layer sha256:da7816fa955ea24533c388143c78804c28682eef99b4ee3723b548c70148bba6 0.1s done
#18 writing layer sha256:e18364ce0d2587c74fc30d8602f743c52178d9e6408c64d9091baffbff467af7
#18 writing layer sha256:e18364ce0d2587c74fc30d8602f743c52178d9e6408c64d9091baffbff467af7 0.0s done
#18 writing layer sha256:efbb03ea7a426e86379699c60f7b327ad19b788f7a25ac7736709c5e7503e8b7
#18 writing layer sha256:efbb03ea7a426e86379699c60f7b327ad19b788f7a25ac7736709c5e7503e8b7 4.2s done
#18 writing config sha256:ab32727747128ed9f2cd91142019e7c77f153bd5038fcdaa29e57f532a1277ea
#18 writing config sha256:ab32727747128ed9f2cd91142019e7c77f153bd5038fcdaa29e57f532a1277ea 1.2s done
#18 writing cache manifest sha256:1b796f4efc7971d6d9dbbaa71d8a2cf45199c04ae7313234459f0bb4042be81d
#18 preparing build cache for export 15.5s done
#18 writing cache manifest sha256:1b796f4efc7971d6d9dbbaa71d8a2cf45199c04ae7313234459f0bb4042be81d 2.5s done
#18 DONE 15.5s

View build details: docker-desktop://dashboard/build/desktop-linux/desktop-linux/rzhqtfajp050jpa0t47oi8gbk
SERVICE=auth
make docker-push SERVICE=auth
使用方式: make docker-push SERVICE=微服务名
OS: linux | ARCH: amd64
Docker image: sumery/auth:f4cbec5
docker tag ecommerce/auth:f4cbec5 ccr.ccs.tencentyun.com/sumery/auth:f4cbec5
docker push ccr.ccs.tencentyun.com/sumery/auth:f4cbec5
The push refers to repository [ccr.ccs.tencentyun.com/sumery/auth]
bd014d79f528: Waiting
7c12895b777b: Waiting
0bab15eea81d: Waiting
9aee425378d2: Waiting
3214acf345c0: Waiting
5664b15f108b: Waiting
1ac372b1db75: Waiting
3d78e577de35: Waiting
4eff9a62d888: Waiting
bfb59b82a9b6: Waiting
4aa0ea1413d3: Waiting
da7816fa955e: Waiting
a62778643d56: Waiting
3214acf345c0: Waiting
5664b15f108b: Waiting
bd014d79f528: Waiting
7c12895b777b: Waiting
0bab15eea81d: Waiting
9aee425378d2: Waiting
4aa0ea1413d3: Waiting
da7816fa955e: Waiting
a62778643d56: Waiting
1ac372b1db75: Waiting
3d78e577de35: Waiting
4eff9a62d888: Waiting
bfb59b82a9b6: Waiting
da7816fa955e: Waiting
a62778643d56: Waiting
1ac372b1db75: Waiting
3d78e577de35: Layer already exists
4eff9a62d888: Layer already exists
bfb59b82a9b6: Waiting
4aa0ea1413d3: Layer already exists
5664b15f108b: Layer already exists
bd014d79f528: Waiting
7c12895b777b: Waiting
0bab15eea81d: Layer already exists
9aee425378d2: Waiting
3214acf345c0: Waiting
9aee425378d2: Layer already exists
3214acf345c0: Layer already exists
bd014d79f528: Layer already exists
7c12895b777b: Layer already exists
bfb59b82a9b6: Layer already exists
da7816fa955e: Layer already exists
a62778643d56: Layer already exists
1ac372b1db75: Waiting
1ac372b1db75: Pushed
f4cbec5: digest: sha256:bafaa5d5c6401182e25e0d10f8a564295110dd995a86947d695e6218433a7cf6 size: 856
