使用方式: make docker-deploy SERVICE=微服务名
SERVICE=balancer
make docker-build SERVICE=balancer
构建的微服务: balancer
系统: linux | CPU架构: amd64
镜像名: sumery/balancer:b9ce9e3
docker build . \
	  -f application/balancer/Dockerfile \
	  --progress=plain \
	  -t ecommerce/balancer:b9ce9e3 \
	  --build-arg SERVICE=balancer \
	  --build-arg CGOENABLED=0 \
	  --build-arg GOIMAGE=golang:1.24.2-alpine3.21 \
	  --build-arg GOOS=linux \
	  --build-arg GOARCH=amd64 \
	  --build-arg VERSION=b9ce9e3 \
	  --platform linux/amd64  \
	  --cache-from type=registry,ref=ccr.ccs.tencentyun.com/sumery/balancer:cache \
	  --cache-to type=registry,ref=ccr.ccs.tencentyun.com/sumery/balancer:cache,mode=max
#0 building with "desktop-linux" instance using docker driver

#1 [internal] load build definition from Dockerfile
#1 transferring dockerfile: 932B done
#1 DONE 0.0s

#2 [internal] load metadata for docker.io/library/golang:1.24.0-alpine3.21
#2 DONE 0.0s

#3 [internal] load metadata for gcr.io/distroless/static-debian12:latest
#3 DONE 0.5s

#4 [compile 1/6] FROM docker.io/library/golang:1.24.0-alpine3.21@sha256:2d40d4fc278dad38be0777d5e2a88a2c6dee51b0b29c97a764fc6c6a11ca893c
#4 resolve docker.io/library/golang:1.24.0-alpine3.21@sha256:2d40d4fc278dad38be0777d5e2a88a2c6dee51b0b29c97a764fc6c6a11ca893c done
#4 DONE 0.0s

#5 [final 1/2] FROM gcr.io/distroless/static-debian12:latest@sha256:3d0f463de06b7ddff27684ec3bfd0b54a425149d0f8685308b1fdf297b0265e9
#5 resolve gcr.io/distroless/static-debian12:latest@sha256:3d0f463de06b7ddff27684ec3bfd0b54a425149d0f8685308b1fdf297b0265e9 done
#5 DONE 0.0s

#6 [internal] load .dockerignore
#6 transferring context: 2B done
#6 DONE 0.0s

#7 [internal] load build context
#7 DONE 0.0s

#8 importing cache manifest from ccr.ccs.tencentyun.com/sumery/balancer:cache
#8 inferred cache manifest type: application/vnd.oci.image.index.v1+json done
#8 DONE 0.6s

#7 [internal] load build context
#7 transferring context: 160.13kB 0.1s done
#7 DONE 0.1s

#9 [compile 2/6] WORKDIR /build
#9 CACHED

#10 [compile 3/6] COPY go.mod go.sum ./
#10 CACHED

#11 [compile 4/6] RUN --mount=type=cache,target=/go/pkg/mod     --mount=type=cache,target=/root/.cache/go-build     go mod download -x
#11 CACHED

#12 [compile 5/6] COPY . .
#12 DONE 0.1s

#13 [compile 6/6] RUN --mount=type=cache,target=/go/pkg/mod     --mount=type=cache,target=/root/.cache/go-build     GOOS=linux GOARCH=amd64 CGO_ENABLED=0     go build -ldflags="-s -w -X main.Version=b9ce9e3" -o /app/balancer ./application/balancer/cmd/balancer
#13 DONE 0.7s

#14 [final 2/2] COPY --from=compile /app/balancer /app/service
#14 CACHED

#15 exporting to image
#15 exporting layers done
#15 exporting manifest sha256:9fd046ae393d1440f99a92e353603d2eb06fab316ff730ab3bf953f434d5dabd done
#15 exporting config sha256:482521b7fb668d55b21f1ff0bec592950cf49480bdd2d389f3736579e52fd881 done
#15 exporting attestation manifest sha256:3f1af2f33550f9b5a59e76462386fb970885a6084dc28e10752467af86c51fb2 0.0s done
#15 exporting manifest list sha256:e46ecbd27ef20381b9d0738ecff48b57451429609a983832d8d77b53e886633b done
#15 naming to docker.io/ecommerce/balancer:b9ce9e3 done
#15 DONE 0.1s

#16 exporting cache to registry
#16 preparing build cache for export
#16 writing layer sha256:0bab15eea81d0fe6ab56ebf5fba14e02c4c1775a7f7436fbddd3505add4e18fa
#16 ...

#17 [auth] sumery/balancer:pull,push token for ccr.ccs.tencentyun.com
#17 DONE 0.0s

#16 exporting cache to registry
#16 writing layer sha256:0bab15eea81d0fe6ab56ebf5fba14e02c4c1775a7f7436fbddd3505add4e18fa 0.3s done
#16 writing layer sha256:14aa1d43e92f86dc074668d0ee29a76fd40e91e4c4142a8f0580170417c1a1e6
#16 writing layer sha256:14aa1d43e92f86dc074668d0ee29a76fd40e91e4c4142a8f0580170417c1a1e6 0.0s done
#16 writing layer sha256:3214acf345c0cc6bbdb56b698a41ccdefc624a09d6beb0d38b5de0b2303ecaf4 0.0s done
#16 writing layer sha256:3d78e577de35c8bf231e34862a13cde36cd7b253b6a7af2158035251d2dc48c0 0.0s done
#16 writing layer sha256:427d92e3a1686628954a7ff9153c4ee65f3de0e703b131c1be257c1da70eca72 0.1s done
#16 writing layer sha256:4aa0ea1413d37a58615488592a0b827ea4b2e48fa5a77cf707d0e35f025e613f
#16 writing layer sha256:4aa0ea1413d37a58615488592a0b827ea4b2e48fa5a77cf707d0e35f025e613f 0.0s done
#16 writing layer sha256:4d476c939a0568149dd1f92e1efdc4f4c562a475772453124720a8e1fcb9f660 0.0s done
#16 writing layer sha256:4eff9a62d888790350b2481ff4a4f38f9c94b3674d26b2f2c85ca39cdef43fd9 0.0s done
#16 writing layer sha256:4f4fb700ef54461cfa02571ae0db9a0dc1e0cdb5577484a6d75e68dc38e8acc1 0.0s done
#16 writing layer sha256:548d7ee64d1f92a48d22b95b49e35541b138de25a4a7721b598b614c2913efe2
#16 writing layer sha256:548d7ee64d1f92a48d22b95b49e35541b138de25a4a7721b598b614c2913efe2 0.0s done
#16 writing layer sha256:54c5afff19569f1688316a16c15d16ad1e4ca90ca8a8993d96436af8d47a2c1e
#16 writing layer sha256:54c5afff19569f1688316a16c15d16ad1e4ca90ca8a8993d96436af8d47a2c1e 1.2s done
#16 writing layer sha256:5664b15f108bf9436ce3312090a767300800edbbfd4511aa1a6d64357024d5dd
#16 writing layer sha256:5664b15f108bf9436ce3312090a767300800edbbfd4511aa1a6d64357024d5dd 0.0s done
#16 writing layer sha256:6ba13e4ba52312976cd73671fd09b9b010ee1b8186ccabe52446784bf1952836 0.0s done
#16 writing layer sha256:6e771e15690e2fabf2332d3a3b744495411d6e0b00b2aea64419b58b0066cf81 0.0s done
#16 writing layer sha256:7c12895b777bcaa8ccae0605b4de635b68fc32d60fa08f421dc3818bf55ee212 0.0s done
#16 writing layer sha256:9aee425378d2c16cd44177dc54a274b312897f5860a8e78fdfda555a0d79dd71
#16 writing layer sha256:9aee425378d2c16cd44177dc54a274b312897f5860a8e78fdfda555a0d79dd71 0.0s done
#16 writing layer sha256:a62778643d563b511190663ef9a77c30d46d282facfdce4f3a7aecc03423c1f3 0.0s done
#16 writing layer sha256:bfb59b82a9b65e47d485e53b3e815bca3b3e21a095bd0cb88ced9ac0b48062bf 0.0s done
#16 writing layer sha256:da7816fa955ea24533c388143c78804c28682eef99b4ee3723b548c70148bba6 0.0s done
#16 writing layer sha256:e18364ce0d2587c74fc30d8602f743c52178d9e6408c64d9091baffbff467af7
#16 writing layer sha256:e18364ce0d2587c74fc30d8602f743c52178d9e6408c64d9091baffbff467af7 0.0s done
#16 writing layer sha256:f6bf770f8d3f417a77223e299aa6680b365fa0639da1789b918b993a227a7beb
#16 writing layer sha256:f6bf770f8d3f417a77223e299aa6680b365fa0639da1789b918b993a227a7beb 3.4s done
#16 writing layer sha256:fc49306ada6264480fee1fd0a6860ec47700f279c23b1d0a8a658a2d1cc18e1d
#16 writing layer sha256:fc49306ada6264480fee1fd0a6860ec47700f279c23b1d0a8a658a2d1cc18e1d 0.0s done
#16 writing config sha256:af9bb7adb0c572e4402d75ef60fbb95e40607a135490a7916bd565cceaf50efd
#16 writing config sha256:af9bb7adb0c572e4402d75ef60fbb95e40607a135490a7916bd565cceaf50efd 0.8s done
#16 writing cache manifest sha256:b88a69ffaab51a5306d4224839fc5dd72673558407d60bfe3e0966d26dcc1152
#16 preparing build cache for export 11.0s done
#16 writing cache manifest sha256:b88a69ffaab51a5306d4224839fc5dd72673558407d60bfe3e0966d26dcc1152 3.5s done
#16 DONE 11.0s

View build details: docker-desktop://dashboard/build/desktop-linux/desktop-linux/fqvtqjblvlb5rndmw180mm7e2
SERVICE=balancer
make docker-push SERVICE=balancer
使用方式: make docker-push SERVICE=微服务名
OS: linux | ARCH: amd64
Docker image: sumery/balancer:b9ce9e3
docker tag ecommerce/balancer:b9ce9e3 ccr.ccs.tencentyun.com/sumery/balancer:b9ce9e3
docker push ccr.ccs.tencentyun.com/sumery/balancer:b9ce9e3
The push refers to repository [ccr.ccs.tencentyun.com/sumery/balancer]
4aa0ea1413d3: Waiting
da7816fa955e: Waiting
9aee425378d2: Waiting
d7d906057bec: Waiting
7c12895b777b: Waiting
3214acf345c0: Waiting
4eff9a62d888: Waiting
0bab15eea81d: Waiting
a62778643d56: Waiting
fc49306ada62: Waiting
3d78e577de35: Waiting
5664b15f108b: Waiting
bfb59b82a9b6: Waiting
4eff9a62d888: Waiting
4aa0ea1413d3: Waiting
da7816fa955e: Waiting
9aee425378d2: Waiting
d7d906057bec: Waiting
7c12895b777b: Waiting
3214acf345c0: Waiting
bfb59b82a9b6: Waiting
0bab15eea81d: Waiting
a62778643d56: Waiting
fc49306ada62: Waiting
3d78e577de35: Waiting
5664b15f108b: Waiting
3214acf345c0: Layer already exists
4eff9a62d888: Waiting
4aa0ea1413d3: Layer already exists
da7816fa955e: Layer already exists
9aee425378d2: Layer already exists
d7d906057bec: Waiting
7c12895b777b: Waiting
5664b15f108b: Waiting
bfb59b82a9b6: Layer already exists
0bab15eea81d: Waiting
a62778643d56: Waiting
fc49306ada62: Waiting
3d78e577de35: Waiting
a62778643d56: Layer already exists
fc49306ada62: Layer already exists
3d78e577de35: Layer already exists
5664b15f108b: Layer already exists
0bab15eea81d: Layer already exists
d7d906057bec: Waiting
7c12895b777b: Layer already exists
4eff9a62d888: Layer already exists
d7d906057bec: Waiting
d7d906057bec: Pushed
b9ce9e3: digest: sha256:e46ecbd27ef20381b9d0738ecff48b57451429609a983832d8d77b53e886633b size: 856
