使用方式: make docker-deploy SERVICE=微服务名
SERVICE=cart
make docker-build SERVICE=cart
构建的微服务: cart
系统: linux | CPU架构: amd64
镜像名: sumery/cart:f4cbec5
docker build . \
	  -f application/cart/Dockerfile \
	  --progress=plain \
	  -t ecommerce/cart:f4cbec5 \
	  --build-arg SERVICE=cart \
	  --build-arg CGOENABLED=0 \
	  --build-arg GOIMAGE=golang:1.24.2-alpine3.21 \
	  --build-arg GOOS=linux \
	  --build-arg GOARCH=amd64 \
	  --build-arg VERSION=f4cbec5 \
	  --platform linux/amd64  \
	  --cache-from type=registry,ref=ccr.ccs.tencentyun.com/sumery/cart:cache \
	  --cache-to type=registry,ref=ccr.ccs.tencentyun.com/sumery/cart:cache,mode=max
#0 building with "desktop-linux" instance using docker driver

#1 [internal] load build definition from Dockerfile
#1 transferring dockerfile: 932B done
#1 DONE 0.0s

#2 [internal] load metadata for docker.io/library/golang:1.24.0-alpine3.21
#2 ...

#3 [internal] load metadata for gcr.io/distroless/static-debian12:latest
#3 DONE 1.4s

#2 [internal] load metadata for docker.io/library/golang:1.24.0-alpine3.21
#2 DONE 10.0s

#4 [internal] load .dockerignore
#4 transferring context: 2B done
#4 DONE 0.0s

#5 [final 1/2] FROM gcr.io/distroless/static-debian12:latest@sha256:3d0f463de06b7ddff27684ec3bfd0b54a425149d0f8685308b1fdf297b0265e9
#5 resolve gcr.io/distroless/static-debian12:latest@sha256:3d0f463de06b7ddff27684ec3bfd0b54a425149d0f8685308b1fdf297b0265e9 0.0s done
#5 DONE 0.0s

#6 [compile 1/6] FROM docker.io/library/golang:1.24.0-alpine3.21@sha256:2d40d4fc278dad38be0777d5e2a88a2c6dee51b0b29c97a764fc6c6a11ca893c
#6 resolve docker.io/library/golang:1.24.0-alpine3.21@sha256:2d40d4fc278dad38be0777d5e2a88a2c6dee51b0b29c97a764fc6c6a11ca893c
#6 resolve docker.io/library/golang:1.24.0-alpine3.21@sha256:2d40d4fc278dad38be0777d5e2a88a2c6dee51b0b29c97a764fc6c6a11ca893c 0.9s done
#6 DONE 0.9s

#7 [internal] load build context
#7 DONE 0.0s

#8 importing cache manifest from ccr.ccs.tencentyun.com/sumery/cart:cache
#8 ...

#9 [auth] sumery/cart:pull token for ccr.ccs.tencentyun.com
#9 DONE 0.0s

#8 importing cache manifest from ccr.ccs.tencentyun.com/sumery/cart:cache
#8 inferred cache manifest type: application/vnd.oci.image.index.v1+json done
#8 DONE 0.7s

#7 [internal] load build context
#7 transferring context: 1.23MB 0.1s done
#7 DONE 0.2s

#10 [compile 2/6] WORKDIR /build
#10 CACHED

#11 [compile 3/6] COPY go.mod go.sum ./
#11 CACHED

#12 [compile 3/6] COPY go.mod go.sum ./
#12 CACHED

#13 [compile 4/6] RUN --mount=type=cache,target=/go/pkg/mod     --mount=type=cache,target=/root/.cache/go-build     go mod download -x
#13 DONE 0.4s

#14 [compile 5/6] COPY . .
#14 DONE 0.2s

#15 [compile 6/6] RUN --mount=type=cache,target=/go/pkg/mod     --mount=type=cache,target=/root/.cache/go-build     GOOS=linux GOARCH=amd64 CGO_ENABLED=0     go build -ldflags="-s -w -X main.Version=f4cbec5" -o /app/cart ./application/cart/cmd/cart
#15 ...

#5 [final 1/2] FROM gcr.io/distroless/static-debian12:latest@sha256:3d0f463de06b7ddff27684ec3bfd0b54a425149d0f8685308b1fdf297b0265e9
#5 CACHED

#15 [compile 6/6] RUN --mount=type=cache,target=/go/pkg/mod     --mount=type=cache,target=/root/.cache/go-build     GOOS=linux GOARCH=amd64 CGO_ENABLED=0     go build -ldflags="-s -w -X main.Version=f4cbec5" -o /app/cart ./application/cart/cmd/cart
#15 DONE 6.2s

#16 [final 2/2] COPY --from=compile /app/cart /app/service
#16 DONE 0.2s

#17 exporting to image
#17 exporting layers
#17 exporting layers 1.0s done
#17 exporting manifest sha256:58e36a1f3119c1d0d19caf3a38d83eadace27364031849d0b024c433d35f4a02 done
#17 exporting config sha256:a9428417c708254b34d852cc98f1e705ba209c4cbe9690754590882bf28f663e 0.0s done
#17 exporting attestation manifest sha256:dbf430c151dda1e49022ffea2c24c286cda7d05a3bace1ea0712cdf3d7492fff 0.0s done
#17 exporting manifest list sha256:11e7348f03ef28789fa9e61d47774a425a50faf86f465155c25d7a9b2d108c78 done
#17 naming to docker.io/ecommerce/cart:f4cbec5 done
#17 DONE 1.1s

#18 exporting cache to registry
#18 preparing build cache for export
#18 writing layer sha256:0bab15eea81d0fe6ab56ebf5fba14e02c4c1775a7f7436fbddd3505add4e18fa
#18 ...

#19 [auth] sumery/cart:pull,push token for ccr.ccs.tencentyun.com
#19 DONE 0.0s

#18 exporting cache to registry
#18 writing layer sha256:0bab15eea81d0fe6ab56ebf5fba14e02c4c1775a7f7436fbddd3505add4e18fa 0.3s done
#18 writing layer sha256:14aa1d43e92f86dc074668d0ee29a76fd40e91e4c4142a8f0580170417c1a1e6
#18 writing layer sha256:14aa1d43e92f86dc074668d0ee29a76fd40e91e4c4142a8f0580170417c1a1e6 0.0s done
#18 writing layer sha256:3214acf345c0cc6bbdb56b698a41ccdefc624a09d6beb0d38b5de0b2303ecaf4 0.0s done
#18 writing layer sha256:3d78e577de35c8bf231e34862a13cde36cd7b253b6a7af2158035251d2dc48c0 0.0s done
#18 writing layer sha256:4aa0ea1413d37a58615488592a0b827ea4b2e48fa5a77cf707d0e35f025e613f 0.0s done
#18 writing layer sha256:4d476c939a0568149dd1f92e1efdc4f4c562a475772453124720a8e1fcb9f660
#18 writing layer sha256:4d476c939a0568149dd1f92e1efdc4f4c562a475772453124720a8e1fcb9f660 0.0s done
#18 writing layer sha256:4eff9a62d888790350b2481ff4a4f38f9c94b3674d26b2f2c85ca39cdef43fd9 0.0s done
#18 writing layer sha256:4f4fb700ef54461cfa02571ae0db9a0dc1e0cdb5577484a6d75e68dc38e8acc1 0.0s done
#18 writing layer sha256:548d7ee64d1f92a48d22b95b49e35541b138de25a4a7721b598b614c2913efe2 0.0s done
#18 writing layer sha256:5664b15f108bf9436ce3312090a767300800edbbfd4511aa1a6d64357024d5dd
#18 writing layer sha256:5664b15f108bf9436ce3312090a767300800edbbfd4511aa1a6d64357024d5dd 0.0s done
#18 writing layer sha256:6ba13e4ba52312976cd73671fd09b9b010ee1b8186ccabe52446784bf1952836 0.0s done
#18 writing layer sha256:6e771e15690e2fabf2332d3a3b744495411d6e0b00b2aea64419b58b0066cf81 0.0s done
#18 writing layer sha256:7c12895b777bcaa8ccae0605b4de635b68fc32d60fa08f421dc3818bf55ee212 0.0s done
#18 writing layer sha256:9aee425378d2c16cd44177dc54a274b312897f5860a8e78fdfda555a0d79dd71
#18 writing layer sha256:9aee425378d2c16cd44177dc54a274b312897f5860a8e78fdfda555a0d79dd71 0.0s done
#18 writing layer sha256:a62778643d563b511190663ef9a77c30d46d282facfdce4f3a7aecc03423c1f3 0.0s done
#18 writing layer sha256:bfb59b82a9b65e47d485e53b3e815bca3b3e21a095bd0cb88ced9ac0b48062bf 0.0s done
#18 writing layer sha256:d6759bd37497a24a37e8368ac7e9257b56fcdc08551b97aa59ca5422e5bc8be5
#18 writing layer sha256:d6759bd37497a24a37e8368ac7e9257b56fcdc08551b97aa59ca5422e5bc8be5 0.7s done
#18 writing layer sha256:da7816fa955ea24533c388143c78804c28682eef99b4ee3723b548c70148bba6
#18 writing layer sha256:da7816fa955ea24533c388143c78804c28682eef99b4ee3723b548c70148bba6 0.2s done
#18 writing layer sha256:e18364ce0d2587c74fc30d8602f743c52178d9e6408c64d9091baffbff467af7
#18 writing layer sha256:e18364ce0d2587c74fc30d8602f743c52178d9e6408c64d9091baffbff467af7 0.4s done
#18 writing layer sha256:eb25a2103f7ba6c396f8b42f031976f21155206727f398cd457596fc7ab65c5f
#18 writing layer sha256:eb25a2103f7ba6c396f8b42f031976f21155206727f398cd457596fc7ab65c5f 2.8s done
#18 writing layer sha256:effb3c8c0fcf399e68866e918c3ffb37181abbff0799a3a1d2f83b8e2b0eef3a
#18 writing layer sha256:effb3c8c0fcf399e68866e918c3ffb37181abbff0799a3a1d2f83b8e2b0eef3a 1.5s done
#18 writing layer sha256:f8f67e65c73485e38f5be47361d1d9e8ca20996aa78040ff48a01371ef97df47
#18 writing layer sha256:f8f67e65c73485e38f5be47361d1d9e8ca20996aa78040ff48a01371ef97df47 3.1s done
#18 writing config sha256:6fe34abedb9c1014c87b7d5beaf9b297d6927907fc1c1de64d2f52f14b09de89
#18 writing config sha256:6fe34abedb9c1014c87b7d5beaf9b297d6927907fc1c1de64d2f52f14b09de89 1.5s done
#18 writing cache manifest sha256:ebc4348f2c9383728e80b3f17434ce1ec4e0ce031af97a4f5c6e503f104dcfd5
#18 preparing build cache for export 14.4s done
#18 writing cache manifest sha256:ebc4348f2c9383728e80b3f17434ce1ec4e0ce031af97a4f5c6e503f104dcfd5 2.1s done
#18 DONE 14.4s

View build details: docker-desktop://dashboard/build/desktop-linux/desktop-linux/xcojvoiq4r0ul0zcz2j0173go
SERVICE=cart
make docker-push SERVICE=cart
使用方式: make docker-push SERVICE=微服务名
OS: linux | ARCH: amd64
Docker image: sumery/cart:f4cbec5
docker tag ecommerce/cart:f4cbec5 ccr.ccs.tencentyun.com/sumery/cart:f4cbec5
docker push ccr.ccs.tencentyun.com/sumery/cart:f4cbec5
The push refers to repository [ccr.ccs.tencentyun.com/sumery/cart]
3d78e577de35: Waiting
3214acf345c0: Waiting
4eff9a62d888: Waiting
5664b15f108b: Waiting
9aee425378d2: Waiting
da7816fa955e: Waiting
bfb59b82a9b6: Waiting
f6733cb5eea3: Waiting
eb25a2103f7b: Waiting
a62778643d56: Waiting
0bab15eea81d: Waiting
4aa0ea1413d3: Waiting
7c12895b777b: Waiting
f6733cb5eea3: Waiting
eb25a2103f7b: Waiting
a62778643d56: Waiting
0bab15eea81d: Waiting
4aa0ea1413d3: Waiting
7c12895b777b: Waiting
da7816fa955e: Waiting
bfb59b82a9b6: Waiting
3d78e577de35: Waiting
3214acf345c0: Waiting
4eff9a62d888: Waiting
5664b15f108b: Waiting
9aee425378d2: Waiting
a62778643d56: Waiting
0bab15eea81d: Waiting
4aa0ea1413d3: Waiting
7c12895b777b: Waiting
da7816fa955e: Waiting
bfb59b82a9b6: Waiting
f6733cb5eea3: Waiting
eb25a2103f7b: Waiting
4eff9a62d888: Waiting
5664b15f108b: Waiting
9aee425378d2: Waiting
3d78e577de35: Waiting
3214acf345c0: Waiting
7c12895b777b: Layer already exists
da7816fa955e: Layer already exists
bfb59b82a9b6: Layer already exists
f6733cb5eea3: Waiting
eb25a2103f7b: Waiting
a62778643d56: Layer already exists
0bab15eea81d: Layer already exists
4aa0ea1413d3: Layer already exists
3d78e577de35: Layer already exists
3214acf345c0: Layer already exists
4eff9a62d888: Layer already exists
5664b15f108b: Layer already exists
9aee425378d2: Layer already exists
eb25a2103f7b: Layer already exists
f6733cb5eea3: Pushed
f4cbec5: digest: sha256:11e7348f03ef28789fa9e61d47774a425a50faf86f465155c25d7a9b2d108c78 size: 856
