使用方式: make docker-deploy SERVICE=微服务名
SERVICE=checkout
make docker-build SERVICE=checkout
构建的微服务: checkout
系统: linux | CPU架构: amd64
镜像名: sumery/checkout:f4cbec5
docker build . \
	  -f application/checkout/Dockerfile \
	  --progress=plain \
	  -t ecommerce/checkout:f4cbec5 \
	  --build-arg SERVICE=checkout \
	  --build-arg CGOENABLED=0 \
	  --build-arg GOIMAGE=golang:1.24.2-alpine3.21 \
	  --build-arg GOOS=linux \
	  --build-arg GOARCH=amd64 \
	  --build-arg VERSION=f4cbec5 \
	  --platform linux/amd64  \
	  --cache-from type=registry,ref=ccr.ccs.tencentyun.com/sumery/checkout:cache \
	  --cache-to type=registry,ref=ccr.ccs.tencentyun.com/sumery/checkout:cache,mode=max
#0 building with "desktop-linux" instance using docker driver

#1 [internal] load build definition from Dockerfile
#1 transferring dockerfile: 932B done
#1 DONE 0.0s

#2 [internal] load metadata for docker.io/library/golang:1.24.0-alpine3.21
#2 DONE 0.0s

#3 [internal] load metadata for gcr.io/distroless/static-debian12:latest
#3 DONE 0.9s

#4 [internal] load .dockerignore
#4 transferring context: 2B 0.0s done
#4 DONE 0.1s

#5 [compile 1/6] FROM docker.io/library/golang:1.24.0-alpine3.21@sha256:2d40d4fc278dad38be0777d5e2a88a2c6dee51b0b29c97a764fc6c6a11ca893c
#5 resolve docker.io/library/golang:1.24.0-alpine3.21@sha256:2d40d4fc278dad38be0777d5e2a88a2c6dee51b0b29c97a764fc6c6a11ca893c 0.9s done
#5 DONE 0.9s

#6 [final 1/2] FROM gcr.io/distroless/static-debian12:latest@sha256:3d0f463de06b7ddff27684ec3bfd0b54a425149d0f8685308b1fdf297b0265e9
#6 resolve gcr.io/distroless/static-debian12:latest@sha256:3d0f463de06b7ddff27684ec3bfd0b54a425149d0f8685308b1fdf297b0265e9 0.0s done
#6 CACHED

#7 importing cache manifest from ccr.ccs.tencentyun.com/sumery/checkout:cache
#7 ...

#8 [internal] load build context
#8 DONE 0.0s

#9 [auth] sumery/checkout:pull token for ccr.ccs.tencentyun.com
#9 DONE 0.0s

#7 importing cache manifest from ccr.ccs.tencentyun.com/sumery/checkout:cache
#7 inferred cache manifest type: application/vnd.oci.image.index.v1+json done
#7 DONE 0.8s

#10 [compile 2/6] WORKDIR /build
#10 CACHED

#11 [compile 3/6] COPY go.mod go.sum ./
#11 CACHED

#8 [internal] load build context
#8 transferring context: 150.49kB 0.1s done
#8 DONE 0.1s

#12 [compile 3/6] COPY go.mod go.sum ./
#12 CACHED

#13 [compile 4/6] RUN --mount=type=cache,target=/go/pkg/mod     --mount=type=cache,target=/root/.cache/go-build     go mod download -x
#13 CACHED

#14 [compile 5/6] COPY . .
#14 DONE 0.1s

#15 [compile 6/6] RUN --mount=type=cache,target=/go/pkg/mod     --mount=type=cache,target=/root/.cache/go-build     GOOS=linux GOARCH=amd64 CGO_ENABLED=0     go build -ldflags="-s -w -X main.Version=f4cbec5" -o /app/checkout ./application/checkout/cmd/checkout
#15 DONE 1.1s

#16 [final 2/2] COPY --from=compile /app/checkout /app/service
#16 DONE 0.0s

#17 exporting to image
#17 exporting layers
#17 exporting layers 0.7s done
#17 exporting manifest sha256:cfae0774f3d099bac246f432778a66a4a2713e6c5b6755e00b7c6c818c309c75 done
#17 exporting config sha256:b4ce361173e7f4789ad736d4b10b178b9c697962f67582702599a43c3dacae8a done
#17 exporting attestation manifest sha256:421c43f5dfa7c0c0d9b66050d3bc4238902e5c4a400f6b76ae1667b918a5e194 done
#17 exporting manifest list sha256:21391c9eec300649acceebe24ff1463e3034fa8dffe818079c97397a15b31e4d done
#17 naming to docker.io/ecommerce/checkout:f4cbec5 done
#17 DONE 0.7s

#18 exporting cache to registry
#18 preparing build cache for export
#18 writing layer sha256:01913aac2158015a640f3fe9fd728b25beb9e95c39358ac65b2363f913f5322a
#18 ...

#19 [auth] sumery/checkout:pull,push token for ccr.ccs.tencentyun.com
#19 DONE 0.0s

#18 exporting cache to registry
#18 writing layer sha256:01913aac2158015a640f3fe9fd728b25beb9e95c39358ac65b2363f913f5322a 2.4s done
#18 writing layer sha256:0bab15eea81d0fe6ab56ebf5fba14e02c4c1775a7f7436fbddd3505add4e18fa
#18 writing layer sha256:0bab15eea81d0fe6ab56ebf5fba14e02c4c1775a7f7436fbddd3505add4e18fa 0.0s done
#18 writing layer sha256:14aa1d43e92f86dc074668d0ee29a76fd40e91e4c4142a8f0580170417c1a1e6 0.0s done
#18 writing layer sha256:3214acf345c0cc6bbdb56b698a41ccdefc624a09d6beb0d38b5de0b2303ecaf4 0.0s done
#18 writing layer sha256:3d78e577de35c8bf231e34862a13cde36cd7b253b6a7af2158035251d2dc48c0
#18 writing layer sha256:3d78e577de35c8bf231e34862a13cde36cd7b253b6a7af2158035251d2dc48c0 0.0s done
#18 writing layer sha256:4aa0ea1413d37a58615488592a0b827ea4b2e48fa5a77cf707d0e35f025e613f 0.0s done
#18 writing layer sha256:4d476c939a0568149dd1f92e1efdc4f4c562a475772453124720a8e1fcb9f660 0.0s done
#18 writing layer sha256:4d4d323ce1a6f95a648ceed60b6a3401ca503bea56d6483c754a8e6273f050ee
#18 writing layer sha256:4d4d323ce1a6f95a648ceed60b6a3401ca503bea56d6483c754a8e6273f050ee 0.1s done
#18 writing layer sha256:4eff9a62d888790350b2481ff4a4f38f9c94b3674d26b2f2c85ca39cdef43fd9 0.0s done
#18 writing layer sha256:4f4fb700ef54461cfa02571ae0db9a0dc1e0cdb5577484a6d75e68dc38e8acc1
#18 writing layer sha256:4f4fb700ef54461cfa02571ae0db9a0dc1e0cdb5577484a6d75e68dc38e8acc1 0.0s done
#18 writing layer sha256:548d7ee64d1f92a48d22b95b49e35541b138de25a4a7721b598b614c2913efe2 0.0s done
#18 writing layer sha256:5664b15f108bf9436ce3312090a767300800edbbfd4511aa1a6d64357024d5dd 0.1s done
#18 writing layer sha256:6ba13e4ba52312976cd73671fd09b9b010ee1b8186ccabe52446784bf1952836
#18 writing layer sha256:6ba13e4ba52312976cd73671fd09b9b010ee1b8186ccabe52446784bf1952836 0.2s done
#18 writing layer sha256:6e771e15690e2fabf2332d3a3b744495411d6e0b00b2aea64419b58b0066cf81
#18 writing layer sha256:6e771e15690e2fabf2332d3a3b744495411d6e0b00b2aea64419b58b0066cf81 0.4s done
#18 writing layer sha256:7c12895b777bcaa8ccae0605b4de635b68fc32d60fa08f421dc3818bf55ee212
#18 writing layer sha256:7c12895b777bcaa8ccae0605b4de635b68fc32d60fa08f421dc3818bf55ee212 0.3s done
#18 writing layer sha256:9141bbb592730726523ac7429356f1ae56097e909fd4ccda18ef4660e40ce954
#18 writing layer sha256:9141bbb592730726523ac7429356f1ae56097e909fd4ccda18ef4660e40ce954 1.4s done
#18 writing layer sha256:9aee425378d2c16cd44177dc54a274b312897f5860a8e78fdfda555a0d79dd71
#18 writing layer sha256:9aee425378d2c16cd44177dc54a274b312897f5860a8e78fdfda555a0d79dd71 0.1s done
#18 writing layer sha256:9de64594270d058787a08b29eb9c4a3c086da1b2e29495ec9462e4a536e350b0
#18 writing layer sha256:9de64594270d058787a08b29eb9c4a3c086da1b2e29495ec9462e4a536e350b0 3.4s done
#18 writing layer sha256:a62778643d563b511190663ef9a77c30d46d282facfdce4f3a7aecc03423c1f3
#18 writing layer sha256:a62778643d563b511190663ef9a77c30d46d282facfdce4f3a7aecc03423c1f3 0.3s done
#18 writing layer sha256:bfb59b82a9b65e47d485e53b3e815bca3b3e21a095bd0cb88ced9ac0b48062bf
#18 writing layer sha256:bfb59b82a9b65e47d485e53b3e815bca3b3e21a095bd0cb88ced9ac0b48062bf 0.4s done
#18 writing layer sha256:da7816fa955ea24533c388143c78804c28682eef99b4ee3723b548c70148bba6
#18 writing layer sha256:da7816fa955ea24533c388143c78804c28682eef99b4ee3723b548c70148bba6 0.2s done
#18 writing layer sha256:e18364ce0d2587c74fc30d8602f743c52178d9e6408c64d9091baffbff467af7
#18 writing layer sha256:e18364ce0d2587c74fc30d8602f743c52178d9e6408c64d9091baffbff467af7 0.0s done
#18 writing config sha256:b53ae2665a9bdf41607d27dc34b2d0ccbf0e2b1e0b5bc923255216206eae88d4
#18 writing config sha256:b53ae2665a9bdf41607d27dc34b2d0ccbf0e2b1e0b5bc923255216206eae88d4 0.7s done
#18 writing cache manifest sha256:e69cb7cc3073e066297e7ed96543c30f9b033e6b7ead7324aaf83e213519c0f4
#18 preparing build cache for export 13.4s done
#18 writing cache manifest sha256:e69cb7cc3073e066297e7ed96543c30f9b033e6b7ead7324aaf83e213519c0f4 2.1s done
#18 DONE 13.4s

View build details: docker-desktop://dashboard/build/desktop-linux/desktop-linux/ubvypep5pmfdk20fq5eiyitn8
SERVICE=checkout
make docker-push SERVICE=checkout
使用方式: make docker-push SERVICE=微服务名
OS: linux | ARCH: amd64
Docker image: sumery/checkout:f4cbec5
docker tag ecommerce/checkout:f4cbec5 ccr.ccs.tencentyun.com/sumery/checkout:f4cbec5
docker push ccr.ccs.tencentyun.com/sumery/checkout:f4cbec5
The push refers to repository [ccr.ccs.tencentyun.com/sumery/checkout]
da7816fa955e: Waiting
5664b15f108b: Waiting
0bab15eea81d: Waiting
3214acf345c0: Waiting
4d6f4d32db6b: Waiting
3d78e577de35: Waiting
bfb59b82a9b6: Waiting
4aa0ea1413d3: Waiting
7c12895b777b: Waiting
9de64594270d: Waiting
4eff9a62d888: Waiting
9aee425378d2: Waiting
a62778643d56: Waiting
4eff9a62d888: Waiting
9aee425378d2: Waiting
a62778643d56: Waiting
7c12895b777b: Waiting
9de64594270d: Waiting
3d78e577de35: Waiting
bfb59b82a9b6: Waiting
4aa0ea1413d3: Waiting
da7816fa955e: Waiting
5664b15f108b: Waiting
0bab15eea81d: Waiting
3214acf345c0: Waiting
4d6f4d32db6b: Waiting
9de64594270d: Waiting
4eff9a62d888: Layer already exists
9aee425378d2: Layer already exists
a62778643d56: Layer already exists
7c12895b777b: Layer already exists
3214acf345c0: Waiting
4d6f4d32db6b: Waiting
3d78e577de35: Layer already exists
bfb59b82a9b6: Layer already exists
4aa0ea1413d3: Layer already exists
da7816fa955e: Layer already exists
5664b15f108b: Layer already exists
0bab15eea81d: Layer already exists
3214acf345c0: Layer already exists
9de64594270d: Layer already exists
4d6f4d32db6b: Pushed
f4cbec5: digest: sha256:21391c9eec300649acceebe24ff1463e3034fa8dffe818079c97397a15b31e4d size: 856
