使用方式: make docker-deploy SERVICE=微服务名
SERVICE=consumer
make docker-build SERVICE=consumer
构建的微服务: consumer
系统: linux | CPU架构: amd64
镜像名: sumery/consumer:f4cbec5
docker build . \
	  -f application/consumer/Dockerfile \
	  --progress=plain \
	  -t ecommerce/consumer:f4cbec5 \
	  --build-arg SERVICE=consumer \
	  --build-arg CGOENABLED=0 \
	  --build-arg GOIMAGE=golang:1.24.2-alpine3.21 \
	  --build-arg GOOS=linux \
	  --build-arg GOARCH=amd64 \
	  --build-arg VERSION=f4cbec5 \
	  --platform linux/amd64  \
	  --cache-from type=registry,ref=ccr.ccs.tencentyun.com/sumery/consumer:cache \
	  --cache-to type=registry,ref=ccr.ccs.tencentyun.com/sumery/consumer:cache,mode=max
#0 building with "desktop-linux" instance using docker driver

#1 [internal] load build definition from Dockerfile
#1 transferring dockerfile: 932B 0.0s done
#1 DONE 0.0s

#2 [internal] load metadata for docker.io/library/golang:1.24.0-alpine3.21
#2 DONE 0.0s

#3 [internal] load metadata for gcr.io/distroless/static-debian12:latest
#3 DONE 0.5s

#4 [compile 1/6] FROM docker.io/library/golang:1.24.0-alpine3.21@sha256:2d40d4fc278dad38be0777d5e2a88a2c6dee51b0b29c97a764fc6c6a11ca893c
#4 resolve docker.io/library/golang:1.24.0-alpine3.21@sha256:2d40d4fc278dad38be0777d5e2a88a2c6dee51b0b29c97a764fc6c6a11ca893c 0.9s done
#4 DONE 0.9s

#5 [final 1/2] FROM gcr.io/distroless/static-debian12:latest@sha256:3d0f463de06b7ddff27684ec3bfd0b54a425149d0f8685308b1fdf297b0265e9
#5 resolve gcr.io/distroless/static-debian12:latest@sha256:3d0f463de06b7ddff27684ec3bfd0b54a425149d0f8685308b1fdf297b0265e9 0.0s done
#5 CACHED

#6 [internal] load .dockerignore
#6 transferring context: 2B done
#6 DONE 0.0s

#7 [internal] load build context
#7 DONE 0.0s

#8 importing cache manifest from ccr.ccs.tencentyun.com/sumery/consumer:cache
#8 ...

#9 [auth] sumery/consumer:pull token for ccr.ccs.tencentyun.com
#9 DONE 0.0s

#8 importing cache manifest from ccr.ccs.tencentyun.com/sumery/consumer:cache
#8 inferred cache manifest type: application/vnd.oci.image.index.v1+json done
#8 DONE 1.0s

#10 [compile 2/6] WORKDIR /build
#10 CACHED

#11 [compile 3/6] COPY go.mod go.sum ./
#11 CACHED

#7 [internal] load build context
#7 transferring context: 163.85kB 0.1s done
#7 DONE 0.1s

#12 [compile 3/6] COPY go.mod go.sum ./
#12 CACHED

#13 [compile 4/6] RUN --mount=type=cache,target=/go/pkg/mod     --mount=type=cache,target=/root/.cache/go-build     go mod download -x
#13 CACHED

#14 [compile 5/6] COPY . .
#14 DONE 0.2s

#15 [compile 6/6] RUN --mount=type=cache,target=/go/pkg/mod     --mount=type=cache,target=/root/.cache/go-build     GOOS=linux GOARCH=amd64 CGO_ENABLED=0     go build -ldflags="-s -w -X main.Version=f4cbec5" -o /app/consumer ./application/consumer/cmd/consumer
#15 DONE 1.1s

#16 [final 2/2] COPY --from=compile /app/consumer /app/service
#16 DONE 0.1s

#17 exporting to image
#17 exporting layers
#17 exporting layers 0.9s done
#17 exporting manifest sha256:6a9e82e846d7b526c5ee7a05ef16d67ba8ee7a40f69cf0b608baba42b27cb487
#17 exporting manifest sha256:6a9e82e846d7b526c5ee7a05ef16d67ba8ee7a40f69cf0b608baba42b27cb487 done
#17 exporting config sha256:f2948a334e278e205dbe01d05fd73d80b9b9237ce4c56c53081ab98ed83bb8a7 done
#17 exporting attestation manifest sha256:f97906673fe35f64f8833d351612aaf7df5ef3d2c2253ff0a0a2b740e0b3ea77 done
#17 exporting manifest list sha256:a19fb98d8a3a3fe37deb42e9a6292202e8f5fffaf6c0f1e4748e7ec28e1d15ee done
#17 naming to docker.io/ecommerce/consumer:f4cbec5 done
#17 DONE 1.4s

#18 exporting cache to registry
#18 preparing build cache for export
#18 writing layer sha256:0bab15eea81d0fe6ab56ebf5fba14e02c4c1775a7f7436fbddd3505add4e18fa
#18 ...

#19 [auth] sumery/consumer:pull,push token for ccr.ccs.tencentyun.com
#19 DONE 0.0s

#18 exporting cache to registry
#18 writing layer sha256:0bab15eea81d0fe6ab56ebf5fba14e02c4c1775a7f7436fbddd3505add4e18fa 1.0s done
#18 writing layer sha256:14aa1d43e92f86dc074668d0ee29a76fd40e91e4c4142a8f0580170417c1a1e6
#18 writing layer sha256:14aa1d43e92f86dc074668d0ee29a76fd40e91e4c4142a8f0580170417c1a1e6 0.1s done
#18 writing layer sha256:26220819e6f624b0eac38e6388e45719a0e7439c2320cac0341ec4b07236c6eb
#18 writing layer sha256:26220819e6f624b0eac38e6388e45719a0e7439c2320cac0341ec4b07236c6eb 2.3s done
#18 writing layer sha256:3214acf345c0cc6bbdb56b698a41ccdefc624a09d6beb0d38b5de0b2303ecaf4
#18 writing layer sha256:3214acf345c0cc6bbdb56b698a41ccdefc624a09d6beb0d38b5de0b2303ecaf4 0.0s done
#18 writing layer sha256:3d78e577de35c8bf231e34862a13cde36cd7b253b6a7af2158035251d2dc48c0 0.0s done
#18 writing layer sha256:4aa0ea1413d37a58615488592a0b827ea4b2e48fa5a77cf707d0e35f025e613f 0.0s done
#18 writing layer sha256:4d476c939a0568149dd1f92e1efdc4f4c562a475772453124720a8e1fcb9f660 0.0s done
#18 writing layer sha256:4eff9a62d888790350b2481ff4a4f38f9c94b3674d26b2f2c85ca39cdef43fd9
#18 writing layer sha256:4eff9a62d888790350b2481ff4a4f38f9c94b3674d26b2f2c85ca39cdef43fd9 0.0s done
#18 writing layer sha256:4f4fb700ef54461cfa02571ae0db9a0dc1e0cdb5577484a6d75e68dc38e8acc1 0.0s done
#18 writing layer sha256:548d7ee64d1f92a48d22b95b49e35541b138de25a4a7721b598b614c2913efe2 0.0s done
#18 writing layer sha256:5664b15f108bf9436ce3312090a767300800edbbfd4511aa1a6d64357024d5dd 0.0s done
#18 writing layer sha256:6ba13e4ba52312976cd73671fd09b9b010ee1b8186ccabe52446784bf1952836
#18 writing layer sha256:6ba13e4ba52312976cd73671fd09b9b010ee1b8186ccabe52446784bf1952836 0.0s done
#18 writing layer sha256:6e771e15690e2fabf2332d3a3b744495411d6e0b00b2aea64419b58b0066cf81 0.1s done
#18 writing layer sha256:7c12895b777bcaa8ccae0605b4de635b68fc32d60fa08f421dc3818bf55ee212 0.0s done
#18 writing layer sha256:919a0ed8eed8fa2ec434dc86ba4265391a87f0b5829ff450bbd0058e18ff84a0
#18 writing layer sha256:919a0ed8eed8fa2ec434dc86ba4265391a87f0b5829ff450bbd0058e18ff84a0 2.2s done
#18 writing layer sha256:9aee425378d2c16cd44177dc54a274b312897f5860a8e78fdfda555a0d79dd71
#18 writing layer sha256:9aee425378d2c16cd44177dc54a274b312897f5860a8e78fdfda555a0d79dd71 0.0s done
#18 writing layer sha256:a62778643d563b511190663ef9a77c30d46d282facfdce4f3a7aecc03423c1f3 0.0s done
#18 writing layer sha256:a66c72b6f450de86647eb13992979aaf5c236ab0f066cd8e733e42dd20fa199b 0.0s done
#18 writing layer sha256:bfb59b82a9b65e47d485e53b3e815bca3b3e21a095bd0cb88ced9ac0b48062bf 0.0s done
#18 writing layer sha256:c5f59424007303d627325acfec4199e6c68e8604b00606c230c10fc793adc904
#18 writing layer sha256:c5f59424007303d627325acfec4199e6c68e8604b00606c230c10fc793adc904 1.4s done
#18 writing layer sha256:da7816fa955ea24533c388143c78804c28682eef99b4ee3723b548c70148bba6
#18 writing layer sha256:da7816fa955ea24533c388143c78804c28682eef99b4ee3723b548c70148bba6 0.0s done
#18 writing layer sha256:e18364ce0d2587c74fc30d8602f743c52178d9e6408c64d9091baffbff467af7 0.0s done
#18 writing config sha256:ce9661c819726ae9ddf9c97e2724ca3083bd31bbeed8aea20b4a773f68b3ab7f
#18 writing config sha256:ce9661c819726ae9ddf9c97e2724ca3083bd31bbeed8aea20b4a773f68b3ab7f 0.8s done
#18 writing cache manifest sha256:53ad6f44c9fd62f305e5fc5962f7800990667d824630498074c5e9c27d89734d
#18 preparing build cache for export 11.4s done
#18 writing cache manifest sha256:53ad6f44c9fd62f305e5fc5962f7800990667d824630498074c5e9c27d89734d 1.9s done
#18 DONE 11.4s

View build details: docker-desktop://dashboard/build/desktop-linux/desktop-linux/45m6peechgtb0f5a68pzmm32q
SERVICE=consumer
make docker-push SERVICE=consumer
使用方式: make docker-push SERVICE=微服务名
OS: linux | ARCH: amd64
Docker image: sumery/consumer:f4cbec5
docker tag ecommerce/consumer:f4cbec5 ccr.ccs.tencentyun.com/sumery/consumer:f4cbec5
docker push ccr.ccs.tencentyun.com/sumery/consumer:f4cbec5
The push refers to repository [ccr.ccs.tencentyun.com/sumery/consumer]
bfb59b82a9b6: Waiting
0bab15eea81d: Waiting
4aa0ea1413d3: Waiting
a62778643d56: Waiting
9aee425378d2: Waiting
7c12895b777b: Waiting
bb1f4eaa8a08: Waiting
3d78e577de35: Waiting
4eff9a62d888: Waiting
da7816fa955e: Waiting
3214acf345c0: Waiting
5664b15f108b: Waiting
26220819e6f6: Waiting
4aa0ea1413d3: Waiting
a62778643d56: Waiting
9aee425378d2: Waiting
7c12895b777b: Waiting
bb1f4eaa8a08: Waiting
bfb59b82a9b6: Waiting
0bab15eea81d: Waiting
da7816fa955e: Waiting
3214acf345c0: Waiting
5664b15f108b: Waiting
26220819e6f6: Waiting
3d78e577de35: Waiting
4eff9a62d888: Waiting
bb1f4eaa8a08: Waiting
bfb59b82a9b6: Waiting
0bab15eea81d: Waiting
4aa0ea1413d3: Waiting
a62778643d56: Waiting
9aee425378d2: Waiting
7c12895b777b: Waiting
26220819e6f6: Waiting
3d78e577de35: Waiting
4eff9a62d888: Waiting
da7816fa955e: Waiting
3214acf345c0: Waiting
5664b15f108b: Waiting
4eff9a62d888: Layer already exists
da7816fa955e: Layer already exists
3214acf345c0: Layer already exists
5664b15f108b: Layer already exists
26220819e6f6: Layer already exists
3d78e577de35: Layer already exists
0bab15eea81d: Layer already exists
4aa0ea1413d3: Layer already exists
a62778643d56: Layer already exists
9aee425378d2: Layer already exists
7c12895b777b: Layer already exists
bb1f4eaa8a08: Waiting
bfb59b82a9b6: Layer already exists
bb1f4eaa8a08: Pushed
f4cbec5: digest: sha256:a19fb98d8a3a3fe37deb42e9a6292202e8f5fffaf6c0f1e4748e7ec28e1d15ee size: 856
