使用方式: make docker-deploy SERVICE=微服务名
SERVICE=user
make docker-build SERVICE=user
构建的微服务: user
系统: linux | CPU架构: amd64
镜像名: sumery/user:f4cbec5
docker build . \
	  -f application/user/Dockerfile \
	  --progress=plain \
	  -t ecommerce/user:f4cbec5 \
	  --build-arg SERVICE=user \
	  --build-arg CGOENABLED=0 \
	  --build-arg GOIMAGE=golang:1.24.2-alpine3.21 \
	  --build-arg GOOS=linux \
	  --build-arg GOARCH=amd64 \
	  --build-arg VERSION=f4cbec5 \
	  --platform linux/amd64  \
	  --cache-from type=registry,ref=ccr.ccs.tencentyun.com/sumery/user:cache \
	  --cache-to type=registry,ref=ccr.ccs.tencentyun.com/sumery/user:cache,mode=max
#0 building with "desktop-linux" instance using docker driver

#1 [internal] load build definition from Dockerfile
#1 transferring dockerfile: 932B done
#1 DONE 0.0s

#2 [internal] load metadata for docker.io/library/golang:1.24.0-alpine3.21
#2 ...

#3 [internal] load metadata for gcr.io/distroless/static-debian12:latest
#3 DONE 1.4s

#2 [internal] load metadata for docker.io/library/golang:1.24.0-alpine3.21
#2 DONE 10.0s

#4 [internal] load .dockerignore
#4 transferring context: 2B done
#4 DONE 0.0s

#5 [internal] load build context
#5 DONE 0.0s

#6 [final 1/2] FROM gcr.io/distroless/static-debian12:latest@sha256:3d0f463de06b7ddff27684ec3bfd0b54a425149d0f8685308b1fdf297b0265e9
#6 resolve gcr.io/distroless/static-debian12:latest@sha256:3d0f463de06b7ddff27684ec3bfd0b54a425149d0f8685308b1fdf297b0265e9 0.0s done
#6 DONE 0.0s

#7 [compile 1/6] FROM docker.io/library/golang:1.24.0-alpine3.21@sha256:2d40d4fc278dad38be0777d5e2a88a2c6dee51b0b29c97a764fc6c6a11ca893c
#7 resolve docker.io/library/golang:1.24.0-alpine3.21@sha256:2d40d4fc278dad38be0777d5e2a88a2c6dee51b0b29c97a764fc6c6a11ca893c
#7 ...

#8 [auth] sumery/user:pull token for ccr.ccs.tencentyun.com
#8 DONE 0.0s

#9 importing cache manifest from ccr.ccs.tencentyun.com/sumery/user:cache
#9 inferred cache manifest type: application/vnd.oci.image.index.v1+json done
#9 DONE 0.8s

#7 [compile 1/6] FROM docker.io/library/golang:1.24.0-alpine3.21@sha256:2d40d4fc278dad38be0777d5e2a88a2c6dee51b0b29c97a764fc6c6a11ca893c
#7 resolve docker.io/library/golang:1.24.0-alpine3.21@sha256:2d40d4fc278dad38be0777d5e2a88a2c6dee51b0b29c97a764fc6c6a11ca893c 0.9s done
#7 DONE 0.9s

#5 [internal] load build context
#5 transferring context: 1.23MB 0.1s done
#5 DONE 0.2s

#10 [compile 2/6] WORKDIR /build
#10 CACHED

#11 [compile 3/6] COPY go.mod go.sum ./
#11 CACHED

#12 [compile 4/6] RUN --mount=type=cache,target=/go/pkg/mod     --mount=type=cache,target=/root/.cache/go-build     go mod download -x
#12 DONE 0.4s

#13 [compile 5/6] COPY . .
#13 DONE 0.2s

#14 [compile 6/6] RUN --mount=type=cache,target=/go/pkg/mod     --mount=type=cache,target=/root/.cache/go-build     GOOS=linux GOARCH=amd64 CGO_ENABLED=0     go build -ldflags="-s -w -X main.Version=f4cbec5" -o /app/user ./application/user/cmd/user
#14 ...

#6 [final 1/2] FROM gcr.io/distroless/static-debian12:latest@sha256:3d0f463de06b7ddff27684ec3bfd0b54a425149d0f8685308b1fdf297b0265e9
#6 CACHED

#14 [compile 6/6] RUN --mount=type=cache,target=/go/pkg/mod     --mount=type=cache,target=/root/.cache/go-build     GOOS=linux GOARCH=amd64 CGO_ENABLED=0     go build -ldflags="-s -w -X main.Version=f4cbec5" -o /app/user ./application/user/cmd/user
#14 DONE 6.4s

#15 [final 2/2] COPY --from=compile /app/user /app/service
#15 DONE 0.2s

#16 exporting to image
#16 exporting layers
#16 exporting layers 0.9s done
#16 exporting manifest sha256:e91c0fde2f48657d3afb138f7835fd3cc34ea6482e3aaaf3ec5d3120c69d3fbe done
#16 exporting config sha256:85f877b0a440318b2c9a8287886ef34cea57c5a5cf97df4e9091be96d874234b 0.0s done
#16 exporting attestation manifest sha256:d11a6083943806c47cd4720577a8612d9e6544acc56c2fe438368f1de4011dce 0.0s done
#16 exporting manifest list sha256:63c396e94e2972ea8f4fa580097fb9545128b7a2f5e90557290083fdc105762f 0.0s done
#16 naming to docker.io/ecommerce/user:f4cbec5 done
#16 DONE 1.0s

#17 exporting cache to registry
#17 preparing build cache for export
#17 writing layer sha256:05bbed3676915908e2df15ac7bff1672ff479e5bb49f110a47eeda6c4c9df7a5
#17 ...

#18 [auth] sumery/user:pull,push token for ccr.ccs.tencentyun.com
#18 DONE 0.0s

#17 exporting cache to registry
#17 writing layer sha256:05bbed3676915908e2df15ac7bff1672ff479e5bb49f110a47eeda6c4c9df7a5 1.0s done
#17 writing layer sha256:0bab15eea81d0fe6ab56ebf5fba14e02c4c1775a7f7436fbddd3505add4e18fa
#17 writing layer sha256:0bab15eea81d0fe6ab56ebf5fba14e02c4c1775a7f7436fbddd3505add4e18fa 0.0s done
#17 writing layer sha256:14aa1d43e92f86dc074668d0ee29a76fd40e91e4c4142a8f0580170417c1a1e6 0.0s done
#17 writing layer sha256:3214acf345c0cc6bbdb56b698a41ccdefc624a09d6beb0d38b5de0b2303ecaf4 0.0s done
#17 writing layer sha256:3d78e577de35c8bf231e34862a13cde36cd7b253b6a7af2158035251d2dc48c0
#17 writing layer sha256:3d78e577de35c8bf231e34862a13cde36cd7b253b6a7af2158035251d2dc48c0 0.0s done
#17 writing layer sha256:4aa0ea1413d37a58615488592a0b827ea4b2e48fa5a77cf707d0e35f025e613f 0.1s done
#17 writing layer sha256:4d476c939a0568149dd1f92e1efdc4f4c562a475772453124720a8e1fcb9f660
#17 writing layer sha256:4d476c939a0568149dd1f92e1efdc4f4c562a475772453124720a8e1fcb9f660 0.2s done
#17 writing layer sha256:4eff9a62d888790350b2481ff4a4f38f9c94b3674d26b2f2c85ca39cdef43fd9
#17 writing layer sha256:4eff9a62d888790350b2481ff4a4f38f9c94b3674d26b2f2c85ca39cdef43fd9 0.4s done
#17 writing layer sha256:4f4fb700ef54461cfa02571ae0db9a0dc1e0cdb5577484a6d75e68dc38e8acc1
#17 writing layer sha256:4f4fb700ef54461cfa02571ae0db9a0dc1e0cdb5577484a6d75e68dc38e8acc1 0.2s done
#17 writing layer sha256:548d7ee64d1f92a48d22b95b49e35541b138de25a4a7721b598b614c2913efe2
#17 writing layer sha256:548d7ee64d1f92a48d22b95b49e35541b138de25a4a7721b598b614c2913efe2 0.1s done
#17 writing layer sha256:5664b15f108bf9436ce3312090a767300800edbbfd4511aa1a6d64357024d5dd
#17 writing layer sha256:5664b15f108bf9436ce3312090a767300800edbbfd4511aa1a6d64357024d5dd 0.0s done
#17 writing layer sha256:6ba13e4ba52312976cd73671fd09b9b010ee1b8186ccabe52446784bf1952836 0.0s done
#17 writing layer sha256:6e771e15690e2fabf2332d3a3b744495411d6e0b00b2aea64419b58b0066cf81 0.0s done
#17 writing layer sha256:7c12895b777bcaa8ccae0605b4de635b68fc32d60fa08f421dc3818bf55ee212 0.0s done
#17 writing layer sha256:9334aaf375ea2a68cb02d2a793125621bf34b78437d3c36ed90aede7f0d776b4
#17 writing layer sha256:9334aaf375ea2a68cb02d2a793125621bf34b78437d3c36ed90aede7f0d776b4 3.1s done
#17 writing layer sha256:9aee425378d2c16cd44177dc54a274b312897f5860a8e78fdfda555a0d79dd71
#17 writing layer sha256:9aee425378d2c16cd44177dc54a274b312897f5860a8e78fdfda555a0d79dd71 0.0s done
#17 writing layer sha256:a62778643d563b511190663ef9a77c30d46d282facfdce4f3a7aecc03423c1f3 0.0s done
#17 writing layer sha256:b2200854ae3b0bd3dc103ab01830188dfb368533b0cc55d738350130bec5d1bb
#17 writing layer sha256:b2200854ae3b0bd3dc103ab01830188dfb368533b0cc55d738350130bec5d1bb 4.8s done
#17 writing layer sha256:bfb59b82a9b65e47d485e53b3e815bca3b3e21a095bd0cb88ced9ac0b48062bf
#17 writing layer sha256:bfb59b82a9b65e47d485e53b3e815bca3b3e21a095bd0cb88ced9ac0b48062bf 0.3s done
#17 writing layer sha256:da7816fa955ea24533c388143c78804c28682eef99b4ee3723b548c70148bba6
#17 writing layer sha256:da7816fa955ea24533c388143c78804c28682eef99b4ee3723b548c70148bba6 0.0s done
#17 writing layer sha256:e18364ce0d2587c74fc30d8602f743c52178d9e6408c64d9091baffbff467af7 0.0s done
#17 writing layer sha256:f4bd0fe4a29597f3e323b1b116001cd4cfaaaa77783062e954c920e35de3746b
#17 writing layer sha256:f4bd0fe4a29597f3e323b1b116001cd4cfaaaa77783062e954c920e35de3746b 2.4s done
#17 writing config sha256:e72f7d5891c22a475b45e78cc9a4f49bd2a18c50f3b3d5299aba1848b70b00d2
#17 writing config sha256:e72f7d5891c22a475b45e78cc9a4f49bd2a18c50f3b3d5299aba1848b70b00d2 0.8s done
#17 writing cache manifest sha256:a57d9ae93a949b5e071d79aadf8ecd7849667f1640285300e48cde6797756079
#17 preparing build cache for export 17.8s done
#17 writing cache manifest sha256:a57d9ae93a949b5e071d79aadf8ecd7849667f1640285300e48cde6797756079 2.6s done
#17 DONE 17.8s

View build details: docker-desktop://dashboard/build/desktop-linux/desktop-linux/ngxk33be5z4eb89o3tzfdlhe1
SERVICE=user
make docker-push SERVICE=user
使用方式: make docker-push SERVICE=微服务名
OS: linux | ARCH: amd64
Docker image: sumery/user:f4cbec5
docker tag ecommerce/user:f4cbec5 ccr.ccs.tencentyun.com/sumery/user:f4cbec5
docker push ccr.ccs.tencentyun.com/sumery/user:f4cbec5
The push refers to repository [ccr.ccs.tencentyun.com/sumery/user]
0bab15eea81d: Waiting
da7816fa955e: Waiting
3214acf345c0: Waiting
9aee425378d2: Waiting
4aa0ea1413d3: Waiting
a62778643d56: Waiting
7c12895b777b: Waiting
f4bd0fe4a295: Waiting
3d78e577de35: Waiting
5664b15f108b: Waiting
4eff9a62d888: Waiting
bfb59b82a9b6: Waiting
f4040c57d33d: Waiting
7c12895b777b: Waiting
0bab15eea81d: Waiting
da7816fa955e: Waiting
3214acf345c0: Waiting
9aee425378d2: Waiting
4aa0ea1413d3: Waiting
a62778643d56: Waiting
f4040c57d33d: Waiting
f4bd0fe4a295: Waiting
3d78e577de35: Waiting
5664b15f108b: Waiting
4eff9a62d888: Waiting
bfb59b82a9b6: Waiting
0bab15eea81d: Layer already exists
da7816fa955e: Layer already exists
3214acf345c0: Layer already exists
9aee425378d2: Layer already exists
4aa0ea1413d3: Waiting
a62778643d56: Layer already exists
7c12895b777b: Layer already exists
f4bd0fe4a295: Layer already exists
3d78e577de35: Layer already exists
5664b15f108b: Waiting
4eff9a62d888: Layer already exists
bfb59b82a9b6: Layer already exists
f4040c57d33d: Waiting
5664b15f108b: Layer already exists
f4040c57d33d: Waiting
4aa0ea1413d3: Layer already exists
f4040c57d33d: Pushed
f4cbec5: digest: sha256:63c396e94e2972ea8f4fa580097fb9545128b7a2f5e90557290083fdc105762f size: 856
